<?xml version="1.0" encoding="UTF-8"?>
<!-- Generated by org.testng.reporters.JUnitReportReporter -->
<testsuite hostname="DESKTOP-PP7VP1A" failures="0" tests="1" name="testpackage.TestMakeMyTrip" time="285.632" errors="0" timestamp="2021-03-22T18:33:28 IST" skipped="0">
  <testcase classname="testpackage.TestMakeMyTrip" name="main" time="285.632"/>
  <system-out/>
</testsuite> <!-- testpackage.TestMakeMyTrip -->
